> Task :app:checkKotlinGradlePluginConfigurationErrors SKIPPED
> Task :app:preBuild UP-TO-DATE
> Task :app:preDebugBuild UP-TO-DATE
> Task :app:checkDebugAarMetadata UP-TO-DATE
> Task :app:generateDebugResValues UP-TO-DATE
> Task :app:mapDebugSourceSetPaths UP-TO-DATE
> Task :app:generateDebugResources UP-TO-DATE
> Task :app:mergeDebugResources UP-TO-DATE
> Task :app:packageDebugResources UP-TO-DATE
> Task :app:parseDebugLocalResources UP-TO-DATE
> Task :app:createDebugCompatibleScreenManifests UP-TO-DATE
> Task :app:extractDeepLinksDebug UP-TO-DATE
> Task :app:processDebugMainManifest UP-TO-DATE
> Task :app:processDebugManifest UP-TO-DATE
> Task :app:processDebugManifestForPackage UP-TO-DATE
> Task :app:processDebugResources UP-TO-DATE

> Task :app:compileDebugKotlin FAILED
e: file:///C:/Users/zizo/AndroidStudioProjects/TVProjectJC/app/src/main/java/com/example/tvprojectjc/MainActivity.kt:14:32 Unresolved reference 'NavEntry'.
e: file:///C:/Users/zizo/AndroidStudioProjects/TVProjectJC/app/src/main/java/com/example/tvprojectjc/MainActivity.kt:44:25 Unresolved reference 'NavEntry'.
e: file:///C:/Users/zizo/AndroidStudioProjects/TVProjectJC/app/src/main/java/com/example/tvprojectjc/MainActivity.kt:46:41 @Composable invocations can only happen from the context of a @Composable function
e: file:///C:/Users/zizo/AndroidStudioProjects/TVProjectJC/app/src/main/java/com/example/tvprojectjc/MainActivity.kt:49:47 @Composable invocations can only happen from the context of a @Composable function
e: file:///C:/Users/zizo/AndroidStudioProjects/TVProjectJC/app/src/main/java/com/example/tvprojectjc/MainActivity.kt:53:48 @Composable invocations can only happen from the context of a @Composable function

FAILURE: Build failed with an exception.

* What went wrong:
Execution failed for task ':app:compileDebugKotlin'.
> A failure occurred while executing org.jetbrains.kotlin.compilerRunner.GradleCompilerRunnerWithWorkers$GradleKotlinCompilerWorkAction
   > Compilation error. See log for more details

* Try:
> Run with --stacktrace option to get the stack trace.
> Run with --info or --debug option to get more log output.
> Run with --scan to get full insights.
> Get more help at https://help.gradle.org.

BUILD FAILED in 1s
14 actionable tasks: 1 executed, 13 up-to-date
